[INFO - CHANNEL_FORMATTER]: Updating: CURRENT_CHANNEL=875083930221559808 CHANNEL_TO_FORMAT=843822113407893544
[INFO - CHANNEL_FORMATTER]: Updating: CURRENT_CHANNEL=875083930221559808 CHANNEL_TO_FORMAT=875083930221559808
[INFO - CHANNEL_FORMATTER]: Updating: CURRENT_CHANNEL=875083930221559808 CHANNEL_TO_FORMAT=921854668546641940
[INFO - CHANNEL_FORMATTER]: Updating: CURRENT_CHANNEL=875083930221559808 CHANNEL_TO_FORMAT=921854684602437632
[INFO - CHANNEL_FORMATTER]: Updating: CURRENT_CHANNEL=875083930221559808 CHANNEL_TO_FORMAT=843822113407893545
[INFO - CHANNEL_FORMATTER]: Updating: CURRENT_CHANNEL=875083930221559808 CHANNEL_TO_FORMAT=843822113407893547
[INFO - CHANNEL_FORMATTER]: Updating: CURRENT_CHANNEL=875083930221559808 CHANNEL_TO_FORMAT=843822113407893547
[INFO - CHANNEL_FORMATTER]: Updating: CURRENT_CHANNEL=875083930221559808 CHANNEL_TO_FORMAT=921854639425601597
[INFO - CHANNEL_FORMATTER]: Updating: CURRENT_CHANNEL=875083930221559808 CHANNEL_TO_FORMAT=921854656496427030
[INFO - CHANNEL_FORMATTER]: Updating: CURRENT_CHANNEL=875083930221559808 CHANNEL_TO_FORMAT=921854668546641940
[INFO - CHANNEL_FORMATTER]: Updating: CURRENT_CHANNEL=875083930221559808 CHANNEL_TO_FORMAT=921854684602437632
[INFO - CHANNEL_FORMATTER]: Updating: CURRENT_CHANNEL=875083930221559808 CHANNEL_TO_FORMAT=875083930221559808
[INFO - CHANNEL_FORMATTER]: Updating: CURRENT_CHANNEL=875083930221559808 CHANNEL_TO_FORMAT=921854639425601597
[INFO - CHANNEL_FORMATTER]: Updating: CURRENT_CHANNEL=875083930221559808 CHANNEL_TO_FORMAT=921854656496427030
[INFO - RENDER_UI_EVENT]: Refreshing UI...
[INFO - CHANNEL_FORMATTER]: Updating: CURRENT_CHANNEL=921854639425601597 CHANNEL_TO_FORMAT=843822113407893544
[INFO - CHANNEL_FORMATTER]: Updating: CURRENT_CHANNEL=921854639425601597 CHANNEL_TO_FORMAT=875083930221559808
[INFO - CHANNEL_FORMATTER]: Updating: CURRENT_CHANNEL=921854639425601597 CHANNEL_TO_FORMAT=921854639425601597
[INFO - CHANNEL_FORMATTER]: Updating: CURRENT_CHANNEL=921854639425601597 CHANNEL_TO_FORMAT=921854656496427030
[INFO - CHANNEL_FORMATTER]: Updating: CURRENT_CHANNEL=921854639425601597 CHANNEL_TO_FORMAT=921854668546641940
[INFO - CHANNEL_FORMATTER]: Updating: CURRENT_CHANNEL=921854639425601597 CHANNEL_TO_FORMAT=921854684602437632
[INFO - CHANNEL_FORMATTER]: Updating: CURRENT_CHANNEL=921854639425601597 CHANNEL_TO_FORMAT=843822113407893545
[INFO - CHANNEL_FORMATTER]: Updating: CURRENT_CHANNEL=921854639425601597 CHANNEL_TO_FORMAT=843822113407893547
[INFO - CHANNEL_FORMATTER]: Updating: CURRENT_CHANNEL=921854639425601597 CHANNEL_TO_FORMAT=843822113407893547
[INFO - CHANNEL_FORMATTER]: Updating: CURRENT_CHANNEL=921854639425601597 CHANNEL_TO_FORMAT=875083930221559808
[INFO - CHANNEL_FORMATTER]: Updating: CURRENT_CHANNEL=921854639425601597 CHANNEL_TO_FORMAT=921854639425601597
[INFO - CHANNEL_FORMATTER]: Updating: CURRENT_CHANNEL=921854639425601597 CHANNEL_TO_FORMAT=921854656496427030
[INFO - CHANNEL_FORMATTER]: Updating: CURRENT_CHANNEL=921854639425601597 CHANNEL_TO_FORMAT=921854668546641940
[INFO - CHANNEL_FORMATTER]: Updating: CURRENT_CHANNEL=921854639425601597 CHANNEL_TO_FORMAT=921854684602437632
[INFO - CHANNEL_FORMATTER]: Updating: CURRENT_CHANNEL=875083930221559808 CHANNEL_TO_FORMAT=875083930221559808
[INFO - CHANNEL_FORMATTER]: Updating: CURRENT_CHANNEL=875083930221559808 CHANNEL_TO_FORMAT=843822113407893544
[INFO - CHANNEL_FORMATTER]: Updating: CURRENT_CHANNEL=875083930221559808 CHANNEL_TO_FORMAT=921854668546641940
[INFO - CHANNEL_FORMATTER]: Updating: CURRENT_CHANNEL=875083930221559808 CHANNEL_TO_FORMAT=921854639425601597
[INFO - CHANNEL_FORMATTER]: Updating: CURRENT_CHANNEL=875083930221559808 CHANNEL_TO_FORMAT=843822113407893545
[INFO - CHANNEL_FORMATTER]: Updating: CURRENT_CHANNEL=875083930221559808 CHANNEL_TO_FORMAT=843822113407893547
[INFO - CHANNEL_FORMATTER]: Updating: CURRENT_CHANNEL=875083930221559808 CHANNEL_TO_FORMAT=843822113407893547
[INFO - CHANNEL_FORMATTER]: Updating: CURRENT_CHANNEL=875083930221559808 CHANNEL_TO_FORMAT=875083930221559808
[INFO - CHANNEL_FORMATTER]: Updating: CURRENT_CHANNEL=875083930221559808 CHANNEL_TO_FORMAT=921854639425601597
[INFO - CHANNEL_FORMATTER]: Updating: CURRENT_CHANNEL=875083930221559808 CHANNEL_TO_FORMAT=921854656496427030
[INFO - CHANNEL_FORMATTER]: Updating: CURRENT_CHANNEL=875083930221559808 CHANNEL_TO_FORMAT=921854668546641940
[INFO - CHANNEL_FORMATTER]: Updating: CURRENT_CHANNEL=875083930221559808 CHANNEL_TO_FORMAT=921854684602437632
[INFO - CHANNEL_FORMATTER]: Updating: CURRENT_CHANNEL=875083930221559808 CHANNEL_TO_FORMAT=921854656496427030
[INFO - CHANNEL_FORMATTER]: Updating: CURRENT_CHANNEL=875083930221559808 CHANNEL_TO_FORMAT=921854684602437632
[INFO - RENDER_UI_EVENT]: Refreshing UI...
[INFO - CHANNEL_FORMATTER]: Updating: CURRENT_CHANNEL=921854639425601597 CHANNEL_TO_FORMAT=921854639425601597
[INFO - CHANNEL_FORMATTER]: Updating: CURRENT_CHANNEL=921854639425601597 CHANNEL_TO_FORMAT=843822113407893544
[INFO - CHANNEL_FORMATTER]: Updating: CURRENT_CHANNEL=921854639425601597 CHANNEL_TO_FORMAT=875083930221559808
[INFO - CHANNEL_FORMATTER]: Updating: CURRENT_CHANNEL=921854639425601597 CHANNEL_TO_FORMAT=921854656496427030
[INFO - CHANNEL_FORMATTER]: Updating: CURRENT_CHANNEL=921854639425601597 CHANNEL_TO_FORMAT=921854668546641940
[INFO - CHANNEL_FORMATTER]: Updating: CURRENT_CHANNEL=921854639425601597 CHANNEL_TO_FORMAT=921854684602437632
[INFO - CHANNEL_FORMATTER]: Updating: CURRENT_CHANNEL=921854639425601597 CHANNEL_TO_FORMAT=843822113407893545
[INFO - CHANNEL_FORMATTER]: Updating: CURRENT_CHANNEL=921854639425601597 CHANNEL_TO_FORMAT=843822113407893547
[INFO - CHANNEL_FORMATTER]: Updating: CURRENT_CHANNEL=921854639425601597 CHANNEL_TO_FORMAT=843822113407893547
[INFO - CHANNEL_FORMATTER]: Updating: CURRENT_CHANNEL=921854639425601597 CHANNEL_TO_FORMAT=875083930221559808
[INFO - CHANNEL_FORMATTER]: Updating: CURRENT_CHANNEL=921854639425601597 CHANNEL_TO_FORMAT=921854656496427030
[INFO - CHANNEL_FORMATTER]: Updating: CURRENT_CHANNEL=921854639425601597 CHANNEL_TO_FORMAT=921854684602437632
[INFO - CHANNEL_FORMATTER]: Updating: CURRENT_CHANNEL=921854639425601597 CHANNEL_TO_FORMAT=921854639425601597
[INFO - CHANNEL_FORMATTER]: Updating: CURRENT_CHANNEL=921854639425601597 CHANNEL_TO_FORMAT=921854668546641940
[INFO - MESSAGE_SENDER]: History: /go_to_next_channel
[INFO - RENDER_UI_EVENT]: Refreshing UI...
[INFO - CHANNEL_FORMATTER]: Updating: CURRENT_CHANNEL=921854656496427030 CHANNEL_TO_FORMAT=843822113407893544
[INFO - CHANNEL_FORMATTER]: Updating: CURRENT_CHANNEL=921854656496427030 CHANNEL_TO_FORMAT=875083930221559808
[INFO - CHANNEL_FORMATTER]: Updating: CURRENT_CHANNEL=921854656496427030 CHANNEL_TO_FORMAT=921854639425601597
[INFO - CHANNEL_FORMATTER]: Updating: CURRENT_CHANNEL=921854656496427030 CHANNEL_TO_FORMAT=921854656496427030
[INFO - CHANNEL_FORMATTER]: Updating: CURRENT_CHANNEL=921854656496427030 CHANNEL_TO_FORMAT=921854684602437632
[INFO - CHANNEL_FORMATTER]: Updating: CURRENT_CHANNEL=921854656496427030 CHANNEL_TO_FORMAT=843822113407893545
[INFO - CHANNEL_FORMATTER]: Updating: CURRENT_CHANNEL=921854656496427030 CHANNEL_TO_FORMAT=921854668546641940
[INFO - CHANNEL_FORMATTER]: Updating: CURRENT_CHANNEL=921854656496427030 CHANNEL_TO_FORMAT=843822113407893547
[INFO - CHANNEL_FORMATTER]: Updating: CURRENT_CHANNEL=921854656496427030 CHANNEL_TO_FORMAT=921854639425601597
[INFO - CHANNEL_FORMATTER]: Updating: CURRENT_CHANNEL=921854656496427030 CHANNEL_TO_FORMAT=843822113407893547
[INFO - CHANNEL_FORMATTER]: Updating: CURRENT_CHANNEL=921854656496427030 CHANNEL_TO_FORMAT=921854656496427030
[INFO - CHANNEL_FORMATTER]: Updating: CURRENT_CHANNEL=921854656496427030 CHANNEL_TO_FORMAT=921854668546641940
[INFO - CHANNEL_FORMATTER]: Updating: CURRENT_CHANNEL=921854656496427030 CHANNEL_TO_FORMAT=875083930221559808
[INFO - CHANNEL_FORMATTER]: Updating: CURRENT_CHANNEL=921854656496427030 CHANNEL_TO_FORMAT=921854684602437632
[INFO - MESSAGE_SENDER]: History: /go_to_next_channel,/go_to_next_channel
[INFO - RENDER_UI_EVENT]: Refreshing UI...
[INFO - CHANNEL_FORMATTER]: Updating: CURRENT_CHANNEL=921854668546641940 CHANNEL_TO_FORMAT=843822113407893544
[INFO - CHANNEL_FORMATTER]: Updating: CURRENT_CHANNEL=921854668546641940 CHANNEL_TO_FORMAT=921854656496427030
[INFO - CHANNEL_FORMATTER]: Updating: CURRENT_CHANNEL=921854668546641940 CHANNEL_TO_FORMAT=921854668546641940
[INFO - CHANNEL_FORMATTER]: Updating: CURRENT_CHANNEL=921854668546641940 CHANNEL_TO_FORMAT=843822113407893545
[INFO - CHANNEL_FORMATTER]: Updating: CURRENT_CHANNEL=921854668546641940 CHANNEL_TO_FORMAT=843822113407893547
[INFO - CHANNEL_FORMATTER]: Updating: CURRENT_CHANNEL=921854668546641940 CHANNEL_TO_FORMAT=875083930221559808
[INFO - CHANNEL_FORMATTER]: Updating: CURRENT_CHANNEL=921854668546641940 CHANNEL_TO_FORMAT=875083930221559808
[INFO - CHANNEL_FORMATTER]: Updating: CURRENT_CHANNEL=921854668546641940 CHANNEL_TO_FORMAT=921854639425601597
[INFO - CHANNEL_FORMATTER]: Updating: CURRENT_CHANNEL=921854668546641940 CHANNEL_TO_FORMAT=921854684602437632
[INFO - CHANNEL_FORMATTER]: Updating: CURRENT_CHANNEL=921854668546641940 CHANNEL_TO_FORMAT=921854656496427030
[INFO - CHANNEL_FORMATTER]: Updating: CURRENT_CHANNEL=921854668546641940 CHANNEL_TO_FORMAT=843822113407893547
[INFO - CHANNEL_FORMATTER]: Updating: CURRENT_CHANNEL=921854668546641940 CHANNEL_TO_FORMAT=921854639425601597
[INFO - CHANNEL_FORMATTER]: Updating: CURRENT_CHANNEL=921854668546641940 CHANNEL_TO_FORMAT=921854684602437632
[INFO - CHANNEL_FORMATTER]: Updating: CURRENT_CHANNEL=921854668546641940 CHANNEL_TO_FORMAT=921854668546641940
[INFO - CHANNEL_FORMATTER]: Updating: CURRENT_CHANNEL=921854684602437632 CHANNEL_TO_FORMAT=843822113407893544
[INFO - MESSAGE_SENDER]: History: /go_to_next_channel,/go_to_next_channel,/go_to_next_channel
[INFO - RENDER_UI_EVENT]: Refreshing UI...
[INFO - CHANNEL_FORMATTER]: Updating: CURRENT_CHANNEL=921854684602437632 CHANNEL_TO_FORMAT=921854656496427030
[INFO - CHANNEL_FORMATTER]: Updating: CURRENT_CHANNEL=921854684602437632 CHANNEL_TO_FORMAT=921854639425601597
[INFO - CHANNEL_FORMATTER]: Updating: CURRENT_CHANNEL=921854684602437632 CHANNEL_TO_FORMAT=875083930221559808
[INFO - CHANNEL_FORMATTER]: Updating: CURRENT_CHANNEL=921854684602437632 CHANNEL_TO_FORMAT=843822113407893545
[INFO - CHANNEL_FORMATTER]: Updating: CURRENT_CHANNEL=921854684602437632 CHANNEL_TO_FORMAT=921854668546641940
[INFO - CHANNEL_FORMATTER]: Updating: CURRENT_CHANNEL=921854684602437632 CHANNEL_TO_FORMAT=843822113407893547
[INFO - CHANNEL_FORMATTER]: Updating: CURRENT_CHANNEL=921854684602437632 CHANNEL_TO_FORMAT=921854684602437632
[INFO - CHANNEL_FORMATTER]: Updating: CURRENT_CHANNEL=921854684602437632 CHANNEL_TO_FORMAT=843822113407893547
[INFO - CHANNEL_FORMATTER]: Updating: CURRENT_CHANNEL=921854684602437632 CHANNEL_TO_FORMAT=921854639425601597
[INFO - CHANNEL_FORMATTER]: Updating: CURRENT_CHANNEL=921854684602437632 CHANNEL_TO_FORMAT=875083930221559808
[INFO - CHANNEL_FORMATTER]: Updating: CURRENT_CHANNEL=921854684602437632 CHANNEL_TO_FORMAT=921854684602437632
[INFO - CHANNEL_FORMATTER]: Updating: CURRENT_CHANNEL=921854684602437632 CHANNEL_TO_FORMAT=921854656496427030
[INFO - CHANNEL_FORMATTER]: Updating: CURRENT_CHANNEL=921854684602437632 CHANNEL_TO_FORMAT=921854668546641940
[INFO - RENDER_UI_EVENT]: Refreshing UI...
[INFO - MESSAGE_SENDER]: History: /go_to_next_channel,/go_to_next_channel,/go_to_next_channel,/go_to_next_channel
[INFO - CHANNEL_FORMATTER]: Updating: CURRENT_CHANNEL=843822113407893547 CHANNEL_TO_FORMAT=843822113407893544
[INFO - CHANNEL_FORMATTER]: Updating: CURRENT_CHANNEL=843822113407893547 CHANNEL_TO_FORMAT=921854668546641940
[INFO - CHANNEL_FORMATTER]: Updating: CURRENT_CHANNEL=843822113407893547 CHANNEL_TO_FORMAT=875083930221559808
[INFO - CHANNEL_FORMATTER]: Updating: CURRENT_CHANNEL=843822113407893547 CHANNEL_TO_FORMAT=843822113407893545
[INFO - CHANNEL_FORMATTER]: Updating: CURRENT_CHANNEL=843822113407893547 CHANNEL_TO_FORMAT=921854639425601597
[INFO - CHANNEL_FORMATTER]: Updating: CURRENT_CHANNEL=843822113407893547 CHANNEL_TO_FORMAT=921854656496427030
[INFO - CHANNEL_FORMATTER]: Updating: CURRENT_CHANNEL=843822113407893547 CHANNEL_TO_FORMAT=921854639425601597
[INFO - CHANNEL_FORMATTER]: Updating: CURRENT_CHANNEL=843822113407893547 CHANNEL_TO_FORMAT=921854684602437632
[INFO - CHANNEL_FORMATTER]: Updating: CURRENT_CHANNEL=843822113407893547 CHANNEL_TO_FORMAT=921854656496427030
[INFO - CHANNEL_FORMATTER]: Updating: CURRENT_CHANNEL=843822113407893547 CHANNEL_TO_FORMAT=843822113407893547
[INFO - CHANNEL_FORMATTER]: Updating: CURRENT_CHANNEL=843822113407893547 CHANNEL_TO_FORMAT=843822113407893547
[INFO - CHANNEL_FORMATTER]: Updating: CURRENT_CHANNEL=843822113407893547 CHANNEL_TO_FORMAT=875083930221559808
[INFO - CHANNEL_FORMATTER]: Updating: CURRENT_CHANNEL=843822113407893547 CHANNEL_TO_FORMAT=921854668546641940
[INFO - CHANNEL_FORMATTER]: Updating: CURRENT_CHANNEL=843822113407893547 CHANNEL_TO_FORMAT=921854684602437632
[INFO - RENDER_UI_EVENT]: Refreshing UI...
[INFO - CHANNEL_FORMATTER]: Updating: CURRENT_CHANNEL=843822113407893547 CHANNEL_TO_FORMAT=921854639425601597
[INFO - CHANNEL_FORMATTER]: Updating: CURRENT_CHANNEL=843822113407893547 CHANNEL_TO_FORMAT=843822113407893544
[INFO - CHANNEL_FORMATTER]: Updating: CURRENT_CHANNEL=843822113407893547 CHANNEL_TO_FORMAT=921854668546641940
[INFO - CHANNEL_FORMATTER]: Updating: CURRENT_CHANNEL=843822113407893547 CHANNEL_TO_FORMAT=921854684602437632
[INFO - CHANNEL_FORMATTER]: Updating: CURRENT_CHANNEL=843822113407893547 CHANNEL_TO_FORMAT=875083930221559808
[INFO - CHANNEL_FORMATTER]: Updating: CURRENT_CHANNEL=843822113407893547 CHANNEL_TO_FORMAT=921854656496427030
[INFO - CHANNEL_FORMATTER]: Updating: CURRENT_CHANNEL=843822113407893547 CHANNEL_TO_FORMAT=843822113407893547
[INFO - CHANNEL_FORMATTER]: Updating: CURRENT_CHANNEL=843822113407893547 CHANNEL_TO_FORMAT=875083930221559808
[INFO - CHANNEL_FORMATTER]: Updating: CURRENT_CHANNEL=843822113407893547 CHANNEL_TO_FORMAT=843822113407893547
[INFO - CHANNEL_FORMATTER]: Updating: CURRENT_CHANNEL=843822113407893547 CHANNEL_TO_FORMAT=843822113407893545
[INFO - CHANNEL_FORMATTER]: Updating: CURRENT_CHANNEL=843822113407893547 CHANNEL_TO_FORMAT=921854656496427030
[INFO - CHANNEL_FORMATTER]: Updating: CURRENT_CHANNEL=843822113407893547 CHANNEL_TO_FORMAT=921854684602437632
[INFO - CHANNEL_FORMATTER]: Updating: CURRENT_CHANNEL=843822113407893547 CHANNEL_TO_FORMAT=921854668546641940
[INFO - CHANNEL_FORMATTER]: Updating: CURRENT_CHANNEL=843822113407893547 CHANNEL_TO_FORMAT=921854639425601597
[INFO - CHANNEL_FORMATTER]: Updating: CURRENT_CHANNEL=875083930221559808 CHANNEL_TO_FORMAT=843822113407893544
[INFO - CHANNEL_FORMATTER]: Updating: CURRENT_CHANNEL=875083930221559808 CHANNEL_TO_FORMAT=875083930221559808
[INFO - CHANNEL_FORMATTER]: Updating: CURRENT_CHANNEL=875083930221559808 CHANNEL_TO_FORMAT=921854656496427030
[INFO - CHANNEL_FORMATTER]: Updating: CURRENT_CHANNEL=875083930221559808 CHANNEL_TO_FORMAT=921854668546641940
[INFO - CHANNEL_FORMATTER]: Updating: CURRENT_CHANNEL=875083930221559808 CHANNEL_TO_FORMAT=921854639425601597
[INFO - CHANNEL_FORMATTER]: Updating: CURRENT_CHANNEL=875083930221559808 CHANNEL_TO_FORMAT=921854684602437632
[INFO - CHANNEL_FORMATTER]: Updating: CURRENT_CHANNEL=875083930221559808 CHANNEL_TO_FORMAT=843822113407893545
[INFO - CHANNEL_FORMATTER]: Updating: CURRENT_CHANNEL=875083930221559808 CHANNEL_TO_FORMAT=843822113407893547
[INFO - CHANNEL_FORMATTER]: Updating: CURRENT_CHANNEL=875083930221559808 CHANNEL_TO_FORMAT=843822113407893547
[INFO - CHANNEL_FORMATTER]: Updating: CURRENT_CHANNEL=875083930221559808 CHANNEL_TO_FORMAT=875083930221559808
[INFO - CHANNEL_FORMATTER]: Updating: CURRENT_CHANNEL=875083930221559808 CHANNEL_TO_FORMAT=921854639425601597
[INFO - CHANNEL_FORMATTER]: Updating: CURRENT_CHANNEL=875083930221559808 CHANNEL_TO_FORMAT=921854668546641940
[INFO - CHANNEL_FORMATTER]: Updating: CURRENT_CHANNEL=875083930221559808 CHANNEL_TO_FORMAT=921854656496427030
[INFO - CHANNEL_FORMATTER]: Updating: CURRENT_CHANNEL=875083930221559808 CHANNEL_TO_FORMAT=921854684602437632
[INFO - RENDER_UI_EVENT]: Refreshing UI...
[INFO - CHANNEL_FORMATTER]: Updating: CURRENT_CHANNEL=921854639425601597 CHANNEL_TO_FORMAT=843822113407893544
[INFO - CHANNEL_FORMATTER]: Updating: CURRENT_CHANNEL=921854639425601597 CHANNEL_TO_FORMAT=921854639425601597
[INFO - CHANNEL_FORMATTER]: Updating: CURRENT_CHANNEL=921854639425601597 CHANNEL_TO_FORMAT=875083930221559808
[INFO - CHANNEL_FORMATTER]: Updating: CURRENT_CHANNEL=921854639425601597 CHANNEL_TO_FORMAT=921854656496427030
[INFO - CHANNEL_FORMATTER]: Updating: CURRENT_CHANNEL=921854639425601597 CHANNEL_TO_FORMAT=921854684602437632
[INFO - CHANNEL_FORMATTER]: Updating: CURRENT_CHANNEL=921854639425601597 CHANNEL_TO_FORMAT=843822113407893545
[INFO - CHANNEL_FORMATTER]: Updating: CURRENT_CHANNEL=921854639425601597 CHANNEL_TO_FORMAT=921854668546641940
[INFO - CHANNEL_FORMATTER]: Updating: CURRENT_CHANNEL=921854639425601597 CHANNEL_TO_FORMAT=843822113407893547
[INFO - CHANNEL_FORMATTER]: Updating: CURRENT_CHANNEL=921854639425601597 CHANNEL_TO_FORMAT=843822113407893547
[INFO - CHANNEL_FORMATTER]: Updating: CURRENT_CHANNEL=921854639425601597 CHANNEL_TO_FORMAT=875083930221559808
[INFO - CHANNEL_FORMATTER]: Updating: CURRENT_CHANNEL=921854639425601597 CHANNEL_TO_FORMAT=921854639425601597
[INFO - CHANNEL_FORMATTER]: Updating: CURRENT_CHANNEL=921854639425601597 CHANNEL_TO_FORMAT=921854668546641940
[INFO - CHANNEL_FORMATTER]: Updating: CURRENT_CHANNEL=921854639425601597 CHANNEL_TO_FORMAT=921854684602437632
[INFO - CHANNEL_FORMATTER]: Updating: CURRENT_CHANNEL=921854639425601597 CHANNEL_TO_FORMAT=921854656496427030
[INFO - MESSAGE_SENDER]: History: /go_to_next_channel
[INFO - RENDER_UI_EVENT]: Refreshing UI...
[INFO - CHANNEL_FORMATTER]: Updating: CURRENT_CHANNEL=921854656496427030 CHANNEL_TO_FORMAT=843822113407893544
[INFO - CHANNEL_FORMATTER]: Updating: CURRENT_CHANNEL=921854656496427030 CHANNEL_TO_FORMAT=921854639425601597
[INFO - CHANNEL_FORMATTER]: Updating: CURRENT_CHANNEL=921854656496427030 CHANNEL_TO_FORMAT=875083930221559808
[INFO - CHANNEL_FORMATTER]: Updating: CURRENT_CHANNEL=921854656496427030 CHANNEL_TO_FORMAT=921854684602437632
[INFO - CHANNEL_FORMATTER]: Updating: CURRENT_CHANNEL=921854656496427030 CHANNEL_TO_FORMAT=921854668546641940
[INFO - CHANNEL_FORMATTER]: Updating: CURRENT_CHANNEL=921854656496427030 CHANNEL_TO_FORMAT=921854656496427030
[INFO - CHANNEL_FORMATTER]: Updating: CURRENT_CHANNEL=921854656496427030 CHANNEL_TO_FORMAT=843822113407893545
[INFO - CHANNEL_FORMATTER]: Updating: CURRENT_CHANNEL=921854656496427030 CHANNEL_TO_FORMAT=843822113407893547
[INFO - CHANNEL_FORMATTER]: Updating: CURRENT_CHANNEL=921854656496427030 CHANNEL_TO_FORMAT=843822113407893547
[INFO - CHANNEL_FORMATTER]: Updating: CURRENT_CHANNEL=921854656496427030 CHANNEL_TO_FORMAT=921854639425601597
[INFO - CHANNEL_FORMATTER]: Updating: CURRENT_CHANNEL=921854656496427030 CHANNEL_TO_FORMAT=875083930221559808
[INFO - CHANNEL_FORMATTER]: Updating: CURRENT_CHANNEL=921854656496427030 CHANNEL_TO_FORMAT=921854656496427030
[INFO - CHANNEL_FORMATTER]: Updating: CURRENT_CHANNEL=921854656496427030 CHANNEL_TO_FORMAT=921854684602437632
[INFO - CHANNEL_FORMATTER]: Updating: CURRENT_CHANNEL=921854656496427030 CHANNEL_TO_FORMAT=921854668546641940
[INFO - MESSAGE_SENDER]: History: /go_to_next_channel,/go_to_next_channel
[INFO - RENDER_UI_EVENT]: Refreshing UI...
[INFO - CHANNEL_FORMATTER]: Updating: CURRENT_CHANNEL=921854668546641940 CHANNEL_TO_FORMAT=875083930221559808
[INFO - CHANNEL_FORMATTER]: Updating: CURRENT_CHANNEL=921854668546641940 CHANNEL_TO_FORMAT=843822113407893544
[INFO - CHANNEL_FORMATTER]: Updating: CURRENT_CHANNEL=921854668546641940 CHANNEL_TO_FORMAT=921854639425601597
[INFO - CHANNEL_FORMATTER]: Updating: CURRENT_CHANNEL=921854668546641940 CHANNEL_TO_FORMAT=921854656496427030
[INFO - CHANNEL_FORMATTER]: Updating: CURRENT_CHANNEL=921854668546641940 CHANNEL_TO_FORMAT=921854668546641940
[INFO - CHANNEL_FORMATTER]: Updating: CURRENT_CHANNEL=921854668546641940 CHANNEL_TO_FORMAT=921854684602437632
[INFO - CHANNEL_FORMATTER]: Updating: CURRENT_CHANNEL=921854668546641940 CHANNEL_TO_FORMAT=843822113407893545
[INFO - CHANNEL_FORMATTER]: Updating: CURRENT_CHANNEL=921854668546641940 CHANNEL_TO_FORMAT=843822113407893547
[INFO - CHANNEL_FORMATTER]: Updating: CURRENT_CHANNEL=921854668546641940 CHANNEL_TO_FORMAT=843822113407893547
[INFO - CHANNEL_FORMATTER]: Updating: CURRENT_CHANNEL=921854668546641940 CHANNEL_TO_FORMAT=921854639425601597
[INFO - CHANNEL_FORMATTER]: Updating: CURRENT_CHANNEL=921854668546641940 CHANNEL_TO_FORMAT=875083930221559808
[INFO - CHANNEL_FORMATTER]: Updating: CURRENT_CHANNEL=921854668546641940 CHANNEL_TO_FORMAT=921854656496427030
[INFO - CHANNEL_FORMATTER]: Updating: CURRENT_CHANNEL=921854668546641940 CHANNEL_TO_FORMAT=921854684602437632
[INFO - CHANNEL_FORMATTER]: Updating: CURRENT_CHANNEL=921854668546641940 CHANNEL_TO_FORMAT=921854668546641940
[INFO - MESSAGE_SENDER]: History: /go_to_next_channel,/go_to_next_channel,/go_to_next_channel
[INFO - RENDER_UI_EVENT]: Refreshing UI...
[INFO - CHANNEL_FORMATTER]: Updating: CURRENT_CHANNEL=921854684602437632 CHANNEL_TO_FORMAT=843822113407893544
[INFO - CHANNEL_FORMATTER]: Updating: CURRENT_CHANNEL=921854684602437632 CHANNEL_TO_FORMAT=875083930221559808
[INFO - CHANNEL_FORMATTER]: Updating: CURRENT_CHANNEL=921854684602437632 CHANNEL_TO_FORMAT=921854639425601597
[INFO - CHANNEL_FORMATTER]: Updating: CURRENT_CHANNEL=921854684602437632 CHANNEL_TO_FORMAT=921854656496427030
[INFO - CHANNEL_FORMATTER]: Updating: CURRENT_CHANNEL=921854684602437632 CHANNEL_TO_FORMAT=921854668546641940
[INFO - CHANNEL_FORMATTER]: Updating: CURRENT_CHANNEL=921854684602437632 CHANNEL_TO_FORMAT=921854684602437632
[INFO - CHANNEL_FORMATTER]: Updating: CURRENT_CHANNEL=921854684602437632 CHANNEL_TO_FORMAT=843822113407893545
[INFO - CHANNEL_FORMATTER]: Updating: CURRENT_CHANNEL=921854684602437632 CHANNEL_TO_FORMAT=843822113407893547
[INFO - CHANNEL_FORMATTER]: Updating: CURRENT_CHANNEL=921854684602437632 CHANNEL_TO_FORMAT=875083930221559808
[INFO - CHANNEL_FORMATTER]: Updating: CURRENT_CHANNEL=921854684602437632 CHANNEL_TO_FORMAT=843822113407893547
[INFO - CHANNEL_FORMATTER]: Updating: CURRENT_CHANNEL=921854684602437632 CHANNEL_TO_FORMAT=921854639425601597
[INFO - CHANNEL_FORMATTER]: Updating: CURRENT_CHANNEL=921854684602437632 CHANNEL_TO_FORMAT=921854656496427030
[INFO - CHANNEL_FORMATTER]: Updating: CURRENT_CHANNEL=921854684602437632 CHANNEL_TO_FORMAT=921854668546641940
[INFO - CHANNEL_FORMATTER]: Updating: CURRENT_CHANNEL=921854684602437632 CHANNEL_TO_FORMAT=921854684602437632
[INFO - MESSAGE_SENDER]: History: /go_to_next_channel,/go_to_next_channel,/go_to_next_channel,/go_to_next_channel
[INFO - CHANNEL_FORMATTER]: Updating: CURRENT_CHANNEL=843822113407893547 CHANNEL_TO_FORMAT=843822113407893544
[INFO - RENDER_UI_EVENT]: Refreshing UI...
[INFO - CHANNEL_FORMATTER]: Updating: CURRENT_CHANNEL=843822113407893547 CHANNEL_TO_FORMAT=875083930221559808
[INFO - CHANNEL_FORMATTER]: Updating: CURRENT_CHANNEL=843822113407893547 CHANNEL_TO_FORMAT=921854639425601597
[INFO - CHANNEL_FORMATTER]: Updating: CURRENT_CHANNEL=843822113407893547 CHANNEL_TO_FORMAT=921854656496427030
[INFO - CHANNEL_FORMATTER]: Updating: CURRENT_CHANNEL=843822113407893547 CHANNEL_TO_FORMAT=921854668546641940
[INFO - CHANNEL_FORMATTER]: Updating: CURRENT_CHANNEL=843822113407893547 CHANNEL_TO_FORMAT=921854684602437632
[INFO - CHANNEL_FORMATTER]: Updating: CURRENT_CHANNEL=843822113407893547 CHANNEL_TO_FORMAT=843822113407893545
[INFO - CHANNEL_FORMATTER]: Updating: CURRENT_CHANNEL=843822113407893547 CHANNEL_TO_FORMAT=843822113407893547
[INFO - CHANNEL_FORMATTER]: Updating: CURRENT_CHANNEL=843822113407893547 CHANNEL_TO_FORMAT=843822113407893547
[INFO - CHANNEL_FORMATTER]: Updating: CURRENT_CHANNEL=843822113407893547 CHANNEL_TO_FORMAT=875083930221559808
[INFO - CHANNEL_FORMATTER]: Updating: CURRENT_CHANNEL=843822113407893547 CHANNEL_TO_FORMAT=921854639425601597
[INFO - CHANNEL_FORMATTER]: Updating: CURRENT_CHANNEL=843822113407893547 CHANNEL_TO_FORMAT=921854656496427030
[INFO - CHANNEL_FORMATTER]: Updating: CURRENT_CHANNEL=843822113407893547 CHANNEL_TO_FORMAT=921854668546641940
[INFO - CHANNEL_FORMATTER]: Updating: CURRENT_CHANNEL=843822113407893547 CHANNEL_TO_FORMAT=921854684602437632
[INFO - RENDER_UI_EVENT]: Refreshing UI...
[INFO - CHANNEL_FORMATTER]: Updating: CURRENT_CHANNEL=843822113407893547 CHANNEL_TO_FORMAT=843822113407893544
[INFO - CHANNEL_FORMATTER]: Updating: CURRENT_CHANNEL=843822113407893547 CHANNEL_TO_FORMAT=921854656496427030
[INFO - CHANNEL_FORMATTER]: Updating: CURRENT_CHANNEL=843822113407893547 CHANNEL_TO_FORMAT=921854668546641940
[INFO - CHANNEL_FORMATTER]: Updating: CURRENT_CHANNEL=843822113407893547 CHANNEL_TO_FORMAT=921854684602437632
[INFO - CHANNEL_FORMATTER]: Updating: CURRENT_CHANNEL=843822113407893547 CHANNEL_TO_FORMAT=843822113407893545
[INFO - CHANNEL_FORMATTER]: Updating: CURRENT_CHANNEL=843822113407893547 CHANNEL_TO_FORMAT=843822113407893547
[INFO - CHANNEL_FORMATTER]: Updating: CURRENT_CHANNEL=843822113407893547 CHANNEL_TO_FORMAT=875083930221559808
[INFO - CHANNEL_FORMATTER]: Updating: CURRENT_CHANNEL=843822113407893547 CHANNEL_TO_FORMAT=875083930221559808
[INFO - CHANNEL_FORMATTER]: Updating: CURRENT_CHANNEL=843822113407893547 CHANNEL_TO_FORMAT=921854639425601597
[INFO - CHANNEL_FORMATTER]: Updating: CURRENT_CHANNEL=843822113407893547 CHANNEL_TO_FORMAT=921854639425601597
[INFO - CHANNEL_FORMATTER]: Updating: CURRENT_CHANNEL=843822113407893547 CHANNEL_TO_FORMAT=921854668546641940
[INFO - CHANNEL_FORMATTER]: Updating: CURRENT_CHANNEL=843822113407893547 CHANNEL_TO_FORMAT=921854684602437632
[INFO - CHANNEL_FORMATTER]: Updating: CURRENT_CHANNEL=843822113407893547 CHANNEL_TO_FORMAT=843822113407893547
[INFO - CHANNEL_FORMATTER]: Updating: CURRENT_CHANNEL=843822113407893547 CHANNEL_TO_FORMAT=921854656496427030
[INFO - CHANNEL_FORMATTER]: Updating: CURRENT_CHANNEL=875083930221559808 CHANNEL_TO_FORMAT=843822113407893544
[INFO - CHANNEL_FORMATTER]: Updating: CURRENT_CHANNEL=875083930221559808 CHANNEL_TO_FORMAT=875083930221559808
[INFO - CHANNEL_FORMATTER]: Updating: CURRENT_CHANNEL=875083930221559808 CHANNEL_TO_FORMAT=921854684602437632
[INFO - CHANNEL_FORMATTER]: Updating: CURRENT_CHANNEL=875083930221559808 CHANNEL_TO_FORMAT=921854639425601597
[INFO - CHANNEL_FORMATTER]: Updating: CURRENT_CHANNEL=875083930221559808 CHANNEL_TO_FORMAT=843822113407893545
[INFO - CHANNEL_FORMATTER]: Updating: CURRENT_CHANNEL=875083930221559808 CHANNEL_TO_FORMAT=843822113407893547
[INFO - CHANNEL_FORMATTER]: Updating: CURRENT_CHANNEL=875083930221559808 CHANNEL_TO_FORMAT=843822113407893547
[INFO - CHANNEL_FORMATTER]: Updating: CURRENT_CHANNEL=875083930221559808 CHANNEL_TO_FORMAT=875083930221559808
[INFO - CHANNEL_FORMATTER]: Updating: CURRENT_CHANNEL=875083930221559808 CHANNEL_TO_FORMAT=921854639425601597
[INFO - CHANNEL_FORMATTER]: Updating: CURRENT_CHANNEL=875083930221559808 CHANNEL_TO_FORMAT=921854656496427030
[INFO - CHANNEL_FORMATTER]: Updating: CURRENT_CHANNEL=875083930221559808 CHANNEL_TO_FORMAT=921854684602437632
[INFO - CHANNEL_FORMATTER]: Updating: CURRENT_CHANNEL=875083930221559808 CHANNEL_TO_FORMAT=921854656496427030
[INFO - CHANNEL_FORMATTER]: Updating: CURRENT_CHANNEL=875083930221559808 CHANNEL_TO_FORMAT=921854668546641940
[INFO - CHANNEL_FORMATTER]: Updating: CURRENT_CHANNEL=875083930221559808 CHANNEL_TO_FORMAT=921854668546641940
[INFO - CHANNEL_FORMATTER]: Updating: CURRENT_CHANNEL=921854639425601597 CHANNEL_TO_FORMAT=843822113407893544
[INFO - RENDER_UI_EVENT]: Refreshing UI...
[INFO - CHANNEL_FORMATTER]: Updating: CURRENT_CHANNEL=921854639425601597 CHANNEL_TO_FORMAT=875083930221559808
[INFO - CHANNEL_FORMATTER]: Updating: CURRENT_CHANNEL=921854639425601597 CHANNEL_TO_FORMAT=921854639425601597
[INFO - CHANNEL_FORMATTER]: Updating: CURRENT_CHANNEL=921854639425601597 CHANNEL_TO_FORMAT=921854656496427030
[INFO - CHANNEL_FORMATTER]: Updating: CURRENT_CHANNEL=921854639425601597 CHANNEL_TO_FORMAT=921854668546641940
[INFO - CHANNEL_FORMATTER]: Updating: CURRENT_CHANNEL=921854639425601597 CHANNEL_TO_FORMAT=843822113407893547
[INFO - CHANNEL_FORMATTER]: Updating: CURRENT_CHANNEL=921854639425601597 CHANNEL_TO_FORMAT=921854684602437632
[INFO - CHANNEL_FORMATTER]: Updating: CURRENT_CHANNEL=921854639425601597 CHANNEL_TO_FORMAT=843822113407893545
[INFO - CHANNEL_FORMATTER]: Updating: CURRENT_CHANNEL=921854639425601597 CHANNEL_TO_FORMAT=921854656496427030
[INFO - CHANNEL_FORMATTER]: Updating: CURRENT_CHANNEL=921854639425601597 CHANNEL_TO_FORMAT=921854668546641940
[INFO - CHANNEL_FORMATTER]: Updating: CURRENT_CHANNEL=921854639425601597 CHANNEL_TO_FORMAT=843822113407893547
[INFO - CHANNEL_FORMATTER]: Updating: CURRENT_CHANNEL=921854639425601597 CHANNEL_TO_FORMAT=921854684602437632
[INFO - CHANNEL_FORMATTER]: Updating: CURRENT_CHANNEL=921854639425601597 CHANNEL_TO_FORMAT=875083930221559808
[INFO - CHANNEL_FORMATTER]: Updating: CURRENT_CHANNEL=921854639425601597 CHANNEL_TO_FORMAT=921854639425601597
[INFO - MESSAGE_SENDER]: History: /go_to_next_channel
[INFO - RENDER_UI_EVENT]: Refreshing UI...
[INFO - CHANNEL_FORMATTER]: Updating: CURRENT_CHANNEL=921854656496427030 CHANNEL_TO_FORMAT=843822113407893544
[INFO - CHANNEL_FORMATTER]: Updating: CURRENT_CHANNEL=921854656496427030 CHANNEL_TO_FORMAT=875083930221559808
[INFO - CHANNEL_FORMATTER]: Updating: CURRENT_CHANNEL=921854656496427030 CHANNEL_TO_FORMAT=921854656496427030
[INFO - CHANNEL_FORMATTER]: Updating: CURRENT_CHANNEL=921854656496427030 CHANNEL_TO_FORMAT=921854668546641940
[INFO - CHANNEL_FORMATTER]: Updating: CURRENT_CHANNEL=921854656496427030 CHANNEL_TO_FORMAT=921854684602437632
[INFO - CHANNEL_FORMATTER]: Updating: CURRENT_CHANNEL=921854656496427030 CHANNEL_TO_FORMAT=843822113407893547
[INFO - CHANNEL_FORMATTER]: Updating: CURRENT_CHANNEL=921854656496427030 CHANNEL_TO_FORMAT=843822113407893545
[INFO - CHANNEL_FORMATTER]: Updating: CURRENT_CHANNEL=921854656496427030 CHANNEL_TO_FORMAT=875083930221559808
[INFO - CHANNEL_FORMATTER]: Updating: CURRENT_CHANNEL=921854656496427030 CHANNEL_TO_FORMAT=921854639425601597
[INFO - CHANNEL_FORMATTER]: Updating: CURRENT_CHANNEL=921854656496427030 CHANNEL_TO_FORMAT=843822113407893547
[INFO - CHANNEL_FORMATTER]: Updating: CURRENT_CHANNEL=921854656496427030 CHANNEL_TO_FORMAT=921854656496427030
[INFO - CHANNEL_FORMATTER]: Updating: CURRENT_CHANNEL=921854656496427030 CHANNEL_TO_FORMAT=921854668546641940
[INFO - CHANNEL_FORMATTER]: Updating: CURRENT_CHANNEL=921854656496427030 CHANNEL_TO_FORMAT=921854684602437632
[INFO - CHANNEL_FORMATTER]: Updating: CURRENT_CHANNEL=921854656496427030 CHANNEL_TO_FORMAT=921854639425601597
[INFO - MESSAGE_SENDER]: History: /go_to_next_channel,/go_to_next_channel
[INFO - CHANNEL_FORMATTER]: Updating: CURRENT_CHANNEL=921854668546641940 CHANNEL_TO_FORMAT=843822113407893544
[INFO - RENDER_UI_EVENT]: Refreshing UI...
[INFO - CHANNEL_FORMATTER]: Updating: CURRENT_CHANNEL=921854668546641940 CHANNEL_TO_FORMAT=921854639425601597
[INFO - CHANNEL_FORMATTER]: Updating: CURRENT_CHANNEL=921854668546641940 CHANNEL_TO_FORMAT=875083930221559808
[INFO - CHANNEL_FORMATTER]: Updating: CURRENT_CHANNEL=921854668546641940 CHANNEL_TO_FORMAT=921854684602437632
[INFO - CHANNEL_FORMATTER]: Updating: CURRENT_CHANNEL=921854668546641940 CHANNEL_TO_FORMAT=921854656496427030
[INFO - CHANNEL_FORMATTER]: Updating: CURRENT_CHANNEL=921854668546641940 CHANNEL_TO_FORMAT=843822113407893547
[INFO - CHANNEL_FORMATTER]: Updating: CURRENT_CHANNEL=921854668546641940 CHANNEL_TO_FORMAT=843822113407893545
[INFO - CHANNEL_FORMATTER]: Updating: CURRENT_CHANNEL=921854668546641940 CHANNEL_TO_FORMAT=921854668546641940
[INFO - CHANNEL_FORMATTER]: Updating: CURRENT_CHANNEL=921854668546641940 CHANNEL_TO_FORMAT=921854639425601597
[INFO - CHANNEL_FORMATTER]: Updating: CURRENT_CHANNEL=921854668546641940 CHANNEL_TO_FORMAT=921854656496427030
[INFO - CHANNEL_FORMATTER]: Updating: CURRENT_CHANNEL=921854668546641940 CHANNEL_TO_FORMAT=843822113407893547
[INFO - CHANNEL_FORMATTER]: Updating: CURRENT_CHANNEL=921854668546641940 CHANNEL_TO_FORMAT=875083930221559808
[INFO - CHANNEL_FORMATTER]: Updating: CURRENT_CHANNEL=921854668546641940 CHANNEL_TO_FORMAT=921854684602437632
[INFO - CHANNEL_FORMATTER]: Updating: CURRENT_CHANNEL=921854668546641940 CHANNEL_TO_FORMAT=921854668546641940
[INFO - MESSAGE_SENDER]: History: /go_to_next_channel,/go_to_next_channel,/go_to_next_channel
[INFO - CHANNEL_FORMATTER]: Updating: CURRENT_CHANNEL=921854684602437632 CHANNEL_TO_FORMAT=843822113407893544
[INFO - RENDER_UI_EVENT]: Refreshing UI...
[INFO - CHANNEL_FORMATTER]: Updating: CURRENT_CHANNEL=921854684602437632 CHANNEL_TO_FORMAT=875083930221559808
[INFO - CHANNEL_FORMATTER]: Updating: CURRENT_CHANNEL=921854684602437632 CHANNEL_TO_FORMAT=921854656496427030
[INFO - CHANNEL_FORMATTER]: Updating: CURRENT_CHANNEL=921854684602437632 CHANNEL_TO_FORMAT=921854668546641940
[INFO - CHANNEL_FORMATTER]: Updating: CURRENT_CHANNEL=921854684602437632 CHANNEL_TO_FORMAT=921854684602437632
[INFO - CHANNEL_FORMATTER]: Updating: CURRENT_CHANNEL=921854684602437632 CHANNEL_TO_FORMAT=843822113407893547
[INFO - CHANNEL_FORMATTER]: Updating: CURRENT_CHANNEL=921854684602437632 CHANNEL_TO_FORMAT=921854639425601597
[INFO - CHANNEL_FORMATTER]: Updating: CURRENT_CHANNEL=921854684602437632 CHANNEL_TO_FORMAT=843822113407893545
[INFO - CHANNEL_FORMATTER]: Updating: CURRENT_CHANNEL=921854684602437632 CHANNEL_TO_FORMAT=875083930221559808
[INFO - CHANNEL_FORMATTER]: Updating: CURRENT_CHANNEL=921854684602437632 CHANNEL_TO_FORMAT=921854639425601597
[INFO - CHANNEL_FORMATTER]: Updating: CURRENT_CHANNEL=921854684602437632 CHANNEL_TO_FORMAT=843822113407893547
[INFO - CHANNEL_FORMATTER]: Updating: CURRENT_CHANNEL=921854684602437632 CHANNEL_TO_FORMAT=921854668546641940
[INFO - CHANNEL_FORMATTER]: Updating: CURRENT_CHANNEL=921854684602437632 CHANNEL_TO_FORMAT=921854684602437632
[INFO - CHANNEL_FORMATTER]: Updating: CURRENT_CHANNEL=921854684602437632 CHANNEL_TO_FORMAT=921854656496427030
[INFO - MESSAGE_SENDER]: History: /go_to_next_channel,/go_to_next_channel,/go_to_next_channel,/go_to_next_channel
[INFO - CHANNEL_FORMATTER]: Updating: CURRENT_CHANNEL=843822113407893547 CHANNEL_TO_FORMAT=875083930221559808
[INFO - RENDER_UI_EVENT]: Refreshing UI...
[INFO - CHANNEL_FORMATTER]: Updating: CURRENT_CHANNEL=843822113407893547 CHANNEL_TO_FORMAT=921854639425601597
[INFO - CHANNEL_FORMATTER]: Updating: CURRENT_CHANNEL=843822113407893547 CHANNEL_TO_FORMAT=921854668546641940
[INFO - CHANNEL_FORMATTER]: Updating: CURRENT_CHANNEL=843822113407893547 CHANNEL_TO_FORMAT=921854684602437632
[INFO - CHANNEL_FORMATTER]: Updating: CURRENT_CHANNEL=843822113407893547 CHANNEL_TO_FORMAT=843822113407893544
[INFO - CHANNEL_FORMATTER]: Updating: CURRENT_CHANNEL=843822113407893547 CHANNEL_TO_FORMAT=843822113407893547
[INFO - CHANNEL_FORMATTER]: Updating: CURRENT_CHANNEL=843822113407893547 CHANNEL_TO_FORMAT=843822113407893547
[INFO - CHANNEL_FORMATTER]: Updating: CURRENT_CHANNEL=843822113407893547 CHANNEL_TO_FORMAT=921854656496427030
[INFO - CHANNEL_FORMATTER]: Updating: CURRENT_CHANNEL=843822113407893547 CHANNEL_TO_FORMAT=843822113407893545
[INFO - CHANNEL_FORMATTER]: Updating: CURRENT_CHANNEL=843822113407893547 CHANNEL_TO_FORMAT=921854656496427030
[INFO - CHANNEL_FORMATTER]: Updating: CURRENT_CHANNEL=843822113407893547 CHANNEL_TO_FORMAT=921854684602437632
[INFO - CHANNEL_FORMATTER]: Updating: CURRENT_CHANNEL=843822113407893547 CHANNEL_TO_FORMAT=875083930221559808
[INFO - CHANNEL_FORMATTER]: Updating: CURRENT_CHANNEL=843822113407893547 CHANNEL_TO_FORMAT=921854639425601597
[INFO - CHANNEL_FORMATTER]: Updating: CURRENT_CHANNEL=843822113407893547 CHANNEL_TO_FORMAT=921854668546641940
